2020/11/19 14:33:20 [error] [exception.CHttpException.404] CHttpException: Unable to resolve the request "yii". in C:\yii-1.1.19.5790cb\framework\web\CWebApplication.php:286
Stack trace:
#0 C:\yii-1.1.19.5790cb\framework\web\CWebApplication.php(141): CWebApplication->runController('yii')
#1 C:\yii-1.1.19.5790cb\framework\base\CApplication.php(185): CWebApplication->processRequest()
#2 C:\wamp\www\nuevaApp\index.php(13): CApplication->run()
#3 {main}
REQUEST_URI=/nuevaApp/index.php?r=yii
---
2020/11/19 14:38:18 [error] [php] count(): Parameter must be an array or an object that implements Countable (C:\yii-1.1.19.5790cb\framework\gii\generators\model\ModelCode.php:371)
Stack trace:
#0 C:\yii-1.1.19.5790cb\framework\gii\CCodeGenerator.php(162): ModelCode->prepare()
#1 C:\yii-1.1.19.5790cb\framework\gii\CCodeGenerator.php(63): ModelGenerator->prepare()
#2 C:\yii-1.1.19.5790cb\framework\web\actions\CInlineAction.php(49): ModelGenerator->actionIndex()
#3 C:\yii-1.1.19.5790cb\framework\web\CController.php(308): CInlineAction->runWithParams()
#4 C:\yii-1.1.19.5790cb\framework\web\CController.php(286): ModelGenerator->runAction()
#5 C:\yii-1.1.19.5790cb\framework\web\CController.php(265): ModelGenerator->runActionWithFilters()
#6 C:\yii-1.1.19.5790cb\framework\web\CWebApplication.php(282): ModelGenerator->run()
#7 C:\yii-1.1.19.5790cb\framework\web\CWebApplication.php(141): CWebApplication->runController()
#8 C:\yii-1.1.19.5790cb\framework\base\CApplication.php(185): CWebApplication->processRequest()
#9 C:\wamp\www\nuevaApp\index.php(13): CWebApplication->run()
REQUEST_URI=/nuevaApp/index.php?r=gii/model/index
in C:\wamp\www\nuevaApp\index.php (13)
2020/11/19 14:38:40 [error] [php] count(): Parameter must be an array or an object that implements Countable (C:\yii-1.1.19.5790cb\framework\gii\generators\model\ModelCode.php:371)
Stack trace:
#0 C:\yii-1.1.19.5790cb\framework\gii\CCodeGenerator.php(162): ModelCode->prepare()
#1 C:\yii-1.1.19.5790cb\framework\gii\CCodeGenerator.php(63): ModelGenerator->prepare()
#2 C:\yii-1.1.19.5790cb\framework\web\actions\CInlineAction.php(49): ModelGenerator->actionIndex()
#3 C:\yii-1.1.19.5790cb\framework\web\CController.php(308): CInlineAction->runWithParams()
#4 C:\yii-1.1.19.5790cb\framework\web\CController.php(286): ModelGenerator->runAction()
#5 C:\yii-1.1.19.5790cb\framework\web\CController.php(265): ModelGenerator->runActionWithFilters()
#6 C:\yii-1.1.19.5790cb\framework\web\CWebApplication.php(282): ModelGenerator->run()
#7 C:\yii-1.1.19.5790cb\framework\web\CWebApplication.php(141): CWebApplication->runController()
#8 C:\yii-1.1.19.5790cb\framework\base\CApplication.php(185): CWebApplication->processRequest()
#9 C:\wamp\www\nuevaApp\index.php(13): CWebApplication->run()
REQUEST_URI=/nuevaApp/index.php?r=gii/model/index
in C:\wamp\www\nuevaApp\index.php (13)
2020/11/19 14:39:08 [error] [php] count(): Parameter must be an array or an object that implements Countable (C:\yii-1.1.19.5790cb\framework\gii\generators\model\ModelCode.php:371)
Stack trace:
#0 C:\yii-1.1.19.5790cb\framework\gii\CCodeGenerator.php(162): ModelCode->prepare()
#1 C:\yii-1.1.19.5790cb\framework\gii\CCodeGenerator.php(63): ModelGenerator->prepare()
#2 C:\yii-1.1.19.5790cb\framework\web\actions\CInlineAction.php(49): ModelGenerator->actionIndex()
#3 C:\yii-1.1.19.5790cb\framework\web\CController.php(308): CInlineAction->runWithParams()
#4 C:\yii-1.1.19.5790cb\framework\web\CController.php(286): ModelGenerator->runAction()
#5 C:\yii-1.1.19.5790cb\framework\web\CController.php(265): ModelGenerator->runActionWithFilters()
#6 C:\yii-1.1.19.5790cb\framework\web\CWebApplication.php(282): ModelGenerator->run()
#7 C:\yii-1.1.19.5790cb\framework\web\CWebApplication.php(141): CWebApplication->runController()
#8 C:\yii-1.1.19.5790cb\framework\base\CApplication.php(185): CWebApplication->processRequest()
#9 C:\wamp\www\nuevaApp\index.php(13): CWebApplication->run()
REQUEST_URI=/nuevaApp/index.php?r=gii/model/index
in C:\wamp\www\nuevaApp\index.php (13)
2020/11/19 14:39:29 [error] [php] count(): Parameter must be an array or an object that implements Countable (C:\yii-1.1.19.5790cb\framework\gii\generators\model\ModelCode.php:371)
Stack trace:
#0 C:\yii-1.1.19.5790cb\framework\gii\CCodeGenerator.php(162): ModelCode->prepare()
#1 C:\yii-1.1.19.5790cb\framework\gii\CCodeGenerator.php(63): ModelGenerator->prepare()
#2 C:\yii-1.1.19.5790cb\framework\web\actions\CInlineAction.php(49): ModelGenerator->actionIndex()
#3 C:\yii-1.1.19.5790cb\framework\web\CController.php(308): CInlineAction->runWithParams()
#4 C:\yii-1.1.19.5790cb\framework\web\CController.php(286): ModelGenerator->runAction()
#5 C:\yii-1.1.19.5790cb\framework\web\CController.php(265): ModelGenerator->runActionWithFilters()
#6 C:\yii-1.1.19.5790cb\framework\web\CWebApplication.php(282): ModelGenerator->run()
#7 C:\yii-1.1.19.5790cb\framework\web\CWebApplication.php(141): CWebApplication->runController()
#8 C:\yii-1.1.19.5790cb\framework\base\CApplication.php(185): CWebApplication->processRequest()
#9 C:\wamp\www\nuevaApp\index.php(13): CWebApplication->run()
REQUEST_URI=/nuevaApp/index.php?r=gii/model/index
in C:\wamp\www\nuevaApp\index.php (13)
2020/11/19 14:47:40 [error] [exception.CHttpException.403] CHttpException: Login Required in C:\yii-1.1.19.5790cb\framework\web\auth\CWebUser.php:396
Stack trace:
#0 C:\yii-1.1.19.5790cb\framework\web\auth\CAccessControlFilter.php(181): CWebUser->loginRequired()
#1 C:\yii-1.1.19.5790cb\framework\web\auth\CAccessControlFilter.php(145): CAccessControlFilter->accessDenied(Object(CWebUser), 'You are not aut...')
#2 C:\yii-1.1.19.5790cb\framework\web\filters\CFilter.php(38): CAccessControlFilter->preFilter(Object(CFilterChain))
#3 C:\yii-1.1.19.5790cb\framework\web\CController.php(1148): CFilter->filter(Object(CFilterChain))
#4 C:\yii-1.1.19.5790cb\framework\web\filters\CInlineFilter.php(58): CController->filterAccessControl(Object(CFilterChain))
#5 C:\yii-1.1.19.5790cb\framework\web\filters\CFilterChain.php(131): CInlineFilter->filter(Object(CFilterChain))
#6 C:\yii-1.1.19.5790cb\framework\web\CController.php(291): CFilterChain->run()
#7 C:\yii-1.1.19.5790cb\framework\web\CController.php(265): CController->runActionWithFilters(Object(CInlineAction), Array)
#8 C:\yii-1.1.19.5790cb\framework\web\CWebApplication.php(282): CController->run('delete')
#9 C:\yii-1.1.19.5790cb\framework\web\CWebApplication.php(141): CWebApplication->runController('post/delete')
#10 C:\yii-1.1.19.5790cb\framework\base\CApplication.php(185): CWebApplication->processRequest()
#11 C:\wamp\www\nuevaApp\index.php(13): CApplication->run()
#12 {main}
REQUEST_URI=/nuevaApp/index.php?ajax=post-grid&id=14&r=post%2Fdelete
HTTP_REFERER=http://localhost/nuevaApp/index.php?r=post/admin
---
2020/11/25 04:44:17 [error] [exception.CHttpException.404] CHttpException: Unable to resolve the request "get". in D:\xampp\htdocs\nuevaApp\yii-1.1.19\framework\web\CWebApplication.php:286
Stack trace:
#0 D:\xampp\htdocs\nuevaApp\yii-1.1.19\framework\web\CWebApplication.php(141): CWebApplication->runController('get')
#1 D:\xampp\htdocs\nuevaApp\yii-1.1.19\framework\base\CApplication.php(185): CWebApplication->processRequest()
#2 D:\xampp\htdocs\nuevaApp\index.php(13): CApplication->run()
#3 {main}
REQUEST_URI=/nuevaApp/index.php?r=get
---
2020/11/25 04:50:12 [error] [system.db.CDbCommand] CDbCommand::execute() failed: SQLSTATE[23000]: Integrity constraint violation: 1216 Cannot add or update a child row: a foreign key constraint fails. The SQL statement executed was: INSERT INTO `pw_post` (`title`, `content`, `tags`, `status`, `create_time`, `update_time`, `authorname`, `likes`) VALUES (:yp0, :yp1, :yp2, :yp3, :yp4, :yp5, :yp6, :yp7).
in D:\xampp\htdocs\nuevaApp\protected\controllers\PostController.php (73)
in D:\xampp\htdocs\nuevaApp\index.php (13)
2020/11/25 04:50:12 [error] [exception.CDbException] CDbException: CDbCommand failed to execute the SQL statement: SQLSTATE[23000]: Integrity constraint violation: 1216 Cannot add or update a child row: a foreign key constraint fails. The SQL statement executed was: INSERT INTO `pw_post` (`title`, `content`, `tags`, `status`, `create_time`, `update_time`, `authorname`, `likes`) VALUES (:yp0, :yp1, :yp2, :yp3, :yp4, :yp5, :yp6, :yp7) in D:\xampp\htdocs\nuevaApp\yii-1.1.19\framework\db\CDbCommand.php:358
Stack trace:
#0 D:\xampp\htdocs\nuevaApp\yii-1.1.19\framework\db\ar\CActiveRecord.php(1083): CDbCommand->execute()
#1 D:\xampp\htdocs\nuevaApp\yii-1.1.19\framework\db\ar\CActiveRecord.php(811): CActiveRecord->insert(NULL)
#2 D:\xampp\htdocs\nuevaApp\protected\controllers\PostController.php(73): CActiveRecord->save()
#3 D:\xampp\htdocs\nuevaApp\yii-1.1.19\framework\web\actions\CInlineAction.php(49): PostController->actionCreate()
#4 D:\xampp\htdocs\nuevaApp\yii-1.1.19\framework\web\CController.php(308): CInlineAction->runWithParams(Array)
#5 D:\xampp\htdocs\nuevaApp\yii-1.1.19\framework\web\filters\CFilterChain.php(134): CController->runAction(Object(CInlineAction))
#6 D:\xampp\htdocs\nuevaApp\yii-1.1.19\framework\web\filters\CFilter.php(40): CFilterChain->run()
#7 D:\xampp\htdocs\nuevaApp\yii-1.1.19\framework\web\CController.php(1148): CFilter->filter(Object(CFilterChain))
#8 D:\xampp\htdocs\nuevaApp\yii-1.1.19\framework\web\filters\CInlineFilter.php(58): CController->filterAccessControl(Object(CFilterChain))
#9 D:\xampp\htdocs\nuevaApp\yii-1.1.19\framework\web\filters\CFilterChain.php(131): CInlineFilter->filter(Object(CFilterChain))
#10 D:\xampp\htdocs\nuevaApp\yii-1.1.19\framework\web\CController.php(291): CFilterChain->run()
#11 D:\xampp\htdocs\nuevaApp\yii-1.1.19\framework\web\CController.php(265): CController->runActionWithFilters(Object(CInlineAction), Array)
#12 D:\xampp\htdocs\nuevaApp\yii-1.1.19\framework\web\CWebApplication.php(282): CController->run('create')
#13 D:\xampp\htdocs\nuevaApp\yii-1.1.19\framework\web\CWebApplication.php(141): CWebApplication->runController('post/create')
#14 D:\xampp\htdocs\nuevaApp\yii-1.1.19\framework\base\CApplication.php(185): CWebApplication->processRequest()
#15 D:\xampp\htdocs\nuevaApp\index.php(13): CApplication->run()
#16 {main}
REQUEST_URI=/nuevaApp/index.php?r=post/create
HTTP_REFERER=http://localhost/nuevaApp/index.php?r=post/create
---
2020/11/25 04:51:13 [error] [system.db.CDbCommand] CDbCommand::execute() failed: SQLSTATE[23000]: Integrity constraint violation: 1216 Cannot add or update a child row: a foreign key constraint fails. The SQL statement executed was: INSERT INTO `pw_post` (`title`, `content`, `tags`, `status`, `create_time`, `update_time`, `authorname`, `likes`) VALUES (:yp0, :yp1, :yp2, :yp3, :yp4, :yp5, :yp6, :yp7).
in D:\xampp\htdocs\nuevaApp\protected\controllers\PostController.php (73)
in D:\xampp\htdocs\nuevaApp\index.php (13)
2020/11/25 04:51:13 [error] [exception.CDbException] CDbException: CDbCommand failed to execute the SQL statement: SQLSTATE[23000]: Integrity constraint violation: 1216 Cannot add or update a child row: a foreign key constraint fails. The SQL statement executed was: INSERT INTO `pw_post` (`title`, `content`, `tags`, `status`, `create_time`, `update_time`, `authorname`, `likes`) VALUES (:yp0, :yp1, :yp2, :yp3, :yp4, :yp5, :yp6, :yp7) in D:\xampp\htdocs\nuevaApp\yii-1.1.19\framework\db\CDbCommand.php:358
Stack trace:
#0 D:\xampp\htdocs\nuevaApp\yii-1.1.19\framework\db\ar\CActiveRecord.php(1083): CDbCommand->execute()
#1 D:\xampp\htdocs\nuevaApp\yii-1.1.19\framework\db\ar\CActiveRecord.php(811): CActiveRecord->insert(NULL)
#2 D:\xampp\htdocs\nuevaApp\protected\controllers\PostController.php(73): CActiveRecord->save()
#3 D:\xampp\htdocs\nuevaApp\yii-1.1.19\framework\web\actions\CInlineAction.php(49): PostController->actionCreate()
#4 D:\xampp\htdocs\nuevaApp\yii-1.1.19\framework\web\CController.php(308): CInlineAction->runWithParams(Array)
#5 D:\xampp\htdocs\nuevaApp\yii-1.1.19\framework\web\filters\CFilterChain.php(134): CController->runAction(Object(CInlineAction))
#6 D:\xampp\htdocs\nuevaApp\yii-1.1.19\framework\web\filters\CFilter.php(40): CFilterChain->run()
#7 D:\xampp\htdocs\nuevaApp\yii-1.1.19\framework\web\CController.php(1148): CFilter->filter(Object(CFilterChain))
#8 D:\xampp\htdocs\nuevaApp\yii-1.1.19\framework\web\filters\CInlineFilter.php(58): CController->filterAccessControl(Object(CFilterChain))
#9 D:\xampp\htdocs\nuevaApp\yii-1.1.19\framework\web\filters\CFilterChain.php(131): CInlineFilter->filter(Object(CFilterChain))
#10 D:\xampp\htdocs\nuevaApp\yii-1.1.19\framework\web\CController.php(291): CFilterChain->run()
#11 D:\xampp\htdocs\nuevaApp\yii-1.1.19\framework\web\CController.php(265): CController->runActionWithFilters(Object(CInlineAction), Array)
#12 D:\xampp\htdocs\nuevaApp\yii-1.1.19\framework\web\CWebApplication.php(282): CController->run('create')
#13 D:\xampp\htdocs\nuevaApp\yii-1.1.19\framework\web\CWebApplication.php(141): CWebApplication->runController('post/create')
#14 D:\xampp\htdocs\nuevaApp\yii-1.1.19\framework\base\CApplication.php(185): CWebApplication->processRequest()
#15 D:\xampp\htdocs\nuevaApp\index.php(13): CApplication->run()
#16 {main}
REQUEST_URI=/nuevaApp/index.php?r=post/create
HTTP_REFERER=http://localhost/nuevaApp/index.php?r=post/create
---
2020/11/25 04:51:52 [error] [system.db.CDbCommand] CDbCommand::execute() failed: SQLSTATE[23000]: Integrity constraint violation: 1216 Cannot add or update a child row: a foreign key constraint fails. The SQL statement executed was: INSERT INTO `pw_post` (`title`, `content`, `tags`, `status`, `create_time`, `update_time`, `authorname`, `likes`) VALUES (:yp0, :yp1, :yp2, :yp3, :yp4, :yp5, :yp6, :yp7).
in D:\xampp\htdocs\nuevaApp\protected\controllers\PostController.php (73)
in D:\xampp\htdocs\nuevaApp\index.php (13)
2020/11/25 04:51:52 [error] [exception.CDbException] CDbException: CDbCommand failed to execute the SQL statement: SQLSTATE[23000]: Integrity constraint violation: 1216 Cannot add or update a child row: a foreign key constraint fails. The SQL statement executed was: INSERT INTO `pw_post` (`title`, `content`, `tags`, `status`, `create_time`, `update_time`, `authorname`, `likes`) VALUES (:yp0, :yp1, :yp2, :yp3, :yp4, :yp5, :yp6, :yp7) in D:\xampp\htdocs\nuevaApp\yii-1.1.19\framework\db\CDbCommand.php:358
Stack trace:
#0 D:\xampp\htdocs\nuevaApp\yii-1.1.19\framework\db\ar\CActiveRecord.php(1083): CDbCommand->execute()
#1 D:\xampp\htdocs\nuevaApp\yii-1.1.19\framework\db\ar\CActiveRecord.php(811): CActiveRecord->insert(NULL)
#2 D:\xampp\htdocs\nuevaApp\protected\controllers\PostController.php(73): CActiveRecord->save()
#3 D:\xampp\htdocs\nuevaApp\yii-1.1.19\framework\web\actions\CInlineAction.php(49): PostController->actionCreate()
#4 D:\xampp\htdocs\nuevaApp\yii-1.1.19\framework\web\CController.php(308): CInlineAction->runWithParams(Array)
#5 D:\xampp\htdocs\nuevaApp\yii-1.1.19\framework\web\filters\CFilterChain.php(134): CController->runAction(Object(CInlineAction))
#6 D:\xampp\htdocs\nuevaApp\yii-1.1.19\framework\web\filters\CFilter.php(40): CFilterChain->run()
#7 D:\xampp\htdocs\nuevaApp\yii-1.1.19\framework\web\CController.php(1148): CFilter->filter(Object(CFilterChain))
#8 D:\xampp\htdocs\nuevaApp\yii-1.1.19\framework\web\filters\CInlineFilter.php(58): CController->filterAccessControl(Object(CFilterChain))
#9 D:\xampp\htdocs\nuevaApp\yii-1.1.19\framework\web\filters\CFilterChain.php(131): CInlineFilter->filter(Object(CFilterChain))
#10 D:\xampp\htdocs\nuevaApp\yii-1.1.19\framework\web\CController.php(291): CFilterChain->run()
#11 D:\xampp\htdocs\nuevaApp\yii-1.1.19\framework\web\CController.php(265): CController->runActionWithFilters(Object(CInlineAction), Array)
#12 D:\xampp\htdocs\nuevaApp\yii-1.1.19\framework\web\CWebApplication.php(282): CController->run('create')
#13 D:\xampp\htdocs\nuevaApp\yii-1.1.19\framework\web\CWebApplication.php(141): CWebApplication->runController('post/create')
#14 D:\xampp\htdocs\nuevaApp\yii-1.1.19\framework\base\CApplication.php(185): CWebApplication->processRequest()
#15 D:\xampp\htdocs\nuevaApp\index.php(13): CApplication->run()
#16 {main}
REQUEST_URI=/nuevaApp/index.php?r=post/create
HTTP_REFERER=http://localhost/nuevaApp/index.php?r=post/create
---
